Error: Connection lost: The server closed the connection.
    at Protocol.end (/root/node/node_modules/mysql/lib/protocol/Protocol.js:112:13)
    at Socket.<anonymous> (/root/node/node_modules/mysql/lib/Connection.js:94:28)
    at Socket.<anonymous> (/root/node/node_modules/mysql/lib/Connection.js:526:10)
    at Socket.emit (events.js:327:22)
    at endReadableNT (_stream_readable.js:1224:12)
    at processTicksAndRejections (internal/process/task_queues.js:84:21) {
  fatal: true,
  code: 'PROTOCOL_CONNECTION_LOST'
}
Error: Connection lost: The server closed the connection.
    at Protocol.end (/root/node/node_modules/mysql/lib/protocol/Protocol.js:112:13)
    at Socket.<anonymous> (/root/node/node_modules/mysql/lib/Connection.js:94:28)
    at Socket.<anonymous> (/root/node/node_modules/mysql/lib/Connection.js:526:10)
    at Socket.emit (events.js:327:22)
    at endReadableNT (_stream_readable.js:1224:12)
    at processTicksAndRejections (internal/process/task_queues.js:84:21) {
  fatal: true,
  code: 'PROTOCOL_CONNECTION_LOST'
}
Error: Connection lost: The server closed the connection.
    at Protocol.end (/root/node/node_modules/mysql/lib/protocol/Protocol.js:112:13)
    at Socket.<anonymous> (/root/node/node_modules/mysql/lib/Connection.js:94:28)
    at Socket.<anonymous> (/root/node/node_modules/mysql/lib/Connection.js:526:10)
    at Socket.emit (events.js:327:22)
    at endReadableNT (_stream_readable.js:1224:12)
    at processTicksAndRejections (internal/process/task_queues.js:84:21) {
  fatal: true,
  code: 'PROTOCOL_CONNECTION_LOST'
}
Error: Connection lost: The server closed the connection.
    at Protocol.end (/root/node/node_modules/mysql/lib/protocol/Protocol.js:112:13)
    at Socket.<anonymous> (/root/node/node_modules/mysql/lib/Connection.js:94:28)
    at Socket.<anonymous> (/root/node/node_modules/mysql/lib/Connection.js:526:10)
    at Socket.emit (events.js:327:22)
    at endReadableNT (_stream_readable.js:1224:12)
    at processTicksAndRejections (internal/process/task_queues.js:84:21) {
  fatal: true,
  code: 'PROTOCOL_CONNECTION_LOST'
}
Error: Connection lost: The server closed the connection.
    at Protocol.end (/root/node/node_modules/mysql/lib/protocol/Protocol.js:112:13)
    at Socket.<anonymous> (/root/node/node_modules/mysql/lib/Connection.js:94:28)
    at Socket.<anonymous> (/root/node/node_modules/mysql/lib/Connection.js:526:10)
    at Socket.emit (events.js:327:22)
    at endReadableNT (_stream_readable.js:1224:12)
    at processTicksAndRejections (internal/process/task_queues.js:84:21) {
  fatal: true,
  code: 'PROTOCOL_CONNECTION_LOST'
}
Error: Connection lost: The server closed the connection.
    at Protocol.end (/root/node/node_modules/mysql/lib/protocol/Protocol.js:112:13)
    at Socket.<anonymous> (/root/node/node_modules/mysql/lib/Connection.js:94:28)
    at Socket.<anonymous> (/root/node/node_modules/mysql/lib/Connection.js:526:10)
    at Socket.emit (events.js:327:22)
    at endReadableNT (_stream_readable.js:1224:12)
    at processTicksAndRejections (internal/process/task_queues.js:84:21) {
  fatal: true,
  code: 'PROTOCOL_CONNECTION_LOST'
}
Error: Connection lost: The server closed the connection.
    at Protocol.end (/root/node/node_modules/mysql/lib/protocol/Protocol.js:112:13)
    at Socket.<anonymous> (/root/node/node_modules/mysql/lib/Connection.js:94:28)
    at Socket.<anonymous> (/root/node/node_modules/mysql/lib/Connection.js:526:10)
    at Socket.emit (events.js:327:22)
    at endReadableNT (_stream_readable.js:1224:12)
    at processTicksAndRejections (internal/process/task_queues.js:84:21) {
  fatal: true,
  code: 'PROTOCOL_CONNECTION_LOST'
}
Error: Connection lost: The server closed the connection.
    at Protocol.end (/root/node/node_modules/mysql/lib/protocol/Protocol.js:112:13)
    at Socket.<anonymous> (/root/node/node_modules/mysql/lib/Connection.js:94:28)
    at Socket.<anonymous> (/root/node/node_modules/mysql/lib/Connection.js:526:10)
    at Socket.emit (events.js:327:22)
    at endReadableNT (_stream_readable.js:1224:12)
    at processTicksAndRejections (internal/process/task_queues.js:84:21) {
  fatal: true,
  code: 'PROTOCOL_CONNECTION_LOST'
}
Error: Connection lost: The server closed the connection.
    at Protocol.end (/root/node/node_modules/mysql/lib/protocol/Protocol.js:112:13)
    at Socket.<anonymous> (/root/node/node_modules/mysql/lib/Connection.js:94:28)
    at Socket.<anonymous> (/root/node/node_modules/mysql/lib/Connection.js:526:10)
    at Socket.emit (events.js:327:22)
    at endReadableNT (_stream_readable.js:1224:12)
    at processTicksAndRejections (internal/process/task_queues.js:84:21) {
  fatal: true,
  code: 'PROTOCOL_CONNECTION_LOST'
}
Error: Connection lost: The server closed the connection.
    at Protocol.end (/root/node/node_modules/mysql/lib/protocol/Protocol.js:112:13)
    at Socket.<anonymous> (/root/node/node_modules/mysql/lib/Connection.js:94:28)
    at Socket.<anonymous> (/root/node/node_modules/mysql/lib/Connection.js:526:10)
    at Socket.emit (events.js:327:22)
    at endReadableNT (_stream_readable.js:1224:12)
    at processTicksAndRejections (internal/process/task_queues.js:84:21) {
  fatal: true,
  code: 'PROTOCOL_CONNECTION_LOST'
}
Error: Connection lost: The server closed the connection.
    at Protocol.end (/root/node/node_modules/mysql/lib/protocol/Protocol.js:112:13)
    at Socket.<anonymous> (/root/node/node_modules/mysql/lib/Connection.js:94:28)
    at Socket.<anonymous> (/root/node/node_modules/mysql/lib/Connection.js:526:10)
    at Socket.emit (events.js:327:22)
    at endReadableNT (_stream_readable.js:1224:12)
    at processTicksAndRejections (internal/process/task_queues.js:84:21) {
  fatal: true,
  code: 'PROTOCOL_CONNECTION_LOST'
}
Error: Connection lost: The server closed the connection.
    at Protocol.end (/root/node/node_modules/mysql/lib/protocol/Protocol.js:112:13)
    at Socket.<anonymous> (/root/node/node_modules/mysql/lib/Connection.js:94:28)
    at Socket.<anonymous> (/root/node/node_modules/mysql/lib/Connection.js:526:10)
    at Socket.emit (events.js:327:22)
    at endReadableNT (_stream_readable.js:1224:12)
    at processTicksAndRejections (internal/process/task_queues.js:84:21) {
  fatal: true,
  code: 'PROTOCOL_CONNECTION_LOST'
}
Error: Connection lost: The server closed the connection.
    at Protocol.end (/root/node/node_modules/mysql/lib/protocol/Protocol.js:112:13)
    at Socket.<anonymous> (/root/node/node_modules/mysql/lib/Connection.js:94:28)
    at Socket.<anonymous> (/root/node/node_modules/mysql/lib/Connection.js:526:10)
    at Socket.emit (events.js:327:22)
    at endReadableNT (_stream_readable.js:1224:12)
    at processTicksAndRejections (internal/process/task_queues.js:84:21) {
  fatal: true,
  code: 'PROTOCOL_CONNECTION_LOST'
}
Error: Connection lost: The server closed the connection.
    at Protocol.end (/root/node/node_modules/mysql/lib/protocol/Protocol.js:112:13)
    at Socket.<anonymous> (/root/node/node_modules/mysql/lib/Connection.js:94:28)
    at Socket.<anonymous> (/root/node/node_modules/mysql/lib/Connection.js:526:10)
    at Socket.emit (events.js:327:22)
    at endReadableNT (_stream_readable.js:1224:12)
    at processTicksAndRejections (internal/process/task_queues.js:84:21) {
  fatal: true,
  code: 'PROTOCOL_CONNECTION_LOST'
}
Error: Connection lost: The server closed the connection.
    at Protocol.end (/root/node/node_modules/mysql/lib/protocol/Protocol.js:112:13)
    at Socket.<anonymous> (/root/node/node_modules/mysql/lib/Connection.js:94:28)
    at Socket.<anonymous> (/root/node/node_modules/mysql/lib/Connection.js:526:10)
    at Socket.emit (events.js:327:22)
    at endReadableNT (_stream_readable.js:1224:12)
    at processTicksAndRejections (internal/process/task_queues.js:84:21) {
  fatal: true,
  code: 'PROTOCOL_CONNECTION_LOST'
}
