server on port 80
[
  RowDataPacket {
    Nombre_Usuario: 'Brayan',
    Ultima_fecha_Ingreso: 2006-05-06T00:00:00.000Z,
    Entrada: '04:30:00',
    Salida: '06:30:00',
    Cantidad_Ingreso: 2
  },
  RowDataPacket {
    Nombre_Usuario: 'Antonio',
    Ultima_fecha_Ingreso: 2016-03-21T00:00:00.000Z,
    Entrada: '02:15:00',
    Salida: '02:50:00',
    Cantidad_Ingreso: 5
  },
  RowDataPacket {
    Nombre_Usuario: 'Migel',
    Ultima_fecha_Ingreso: 2005-11-10T00:00:00.000Z,
    Entrada: '02:25:00',
    Salida: '06:25:00',
    Cantidad_Ingreso: 1
  },
  RowDataPacket {
    Nombre_Usuario: 'Marco',
    Ultima_fecha_Ingreso: 2007-07-12T00:00:00.000Z,
    Entrada: '02:10:00',
    Salida: '04:05:00',
    Cantidad_Ingreso: 1
  },
  RowDataPacket {
    Nombre_Usuario: 'Deborah',
    Ultima_fecha_Ingreso: 2008-07-14T00:00:00.000Z,
    Entrada: '16:15:00',
    Salida: '18:25:00',
    Cantidad_Ingreso: 1
  },
  RowDataPacket {
    Nombre_Usuario: 'Travis',
    Ultima_fecha_Ingreso: 2009-01-12T00:00:00.000Z,
    Entrada: '10:02:00',
    Salida: '12:00:00',
    Cantidad_Ingreso: 1
  },
  RowDataPacket {
    Nombre_Usuario: 'Rebecca',
    Ultima_fecha_Ingreso: 2014-03-21T00:00:00.000Z,
    Entrada: '10:00:00',
    Salida: '12:00:00',
    Cantidad_Ingreso: 2
  },
  RowDataPacket {
    Nombre_Usuario: 'Abbot',
    Ultima_fecha_Ingreso: 2019-03-18T00:00:00.000Z,
    Entrada: '10:00:00',
    Salida: '14:00:00',
    Cantidad_Ingreso: 2
  },
  RowDataPacket {
    Nombre_Usuario: 'Alexander',
    Ultima_fecha_Ingreso: 2020-04-25T00:00:00.000Z,
    Entrada: '09:00:00',
    Salida: '10:00:00',
    Cantidad_Ingreso: 1
  },
  RowDataPacket {
    Nombre_Usuario: 'Joseph',
    Ultima_fecha_Ingreso: 2017-03-17T00:00:00.000Z,
    Entrada: '03:00:00',
    Salida: '04:00:00',
    Cantidad_Ingreso: 1
  },
  RowDataPacket {
    Nombre_Usuario: 'Kirsten',
    Ultima_fecha_Ingreso: 2020-05-14T00:00:00.000Z,
    Entrada: '01:00:00',
    Salida: '02:00:00',
    Cantidad_Ingreso: 3
  },
  RowDataPacket {
    Nombre_Usuario: 'Giacomo',
    Ultima_fecha_Ingreso: 2020-04-18T00:00:00.000Z,
    Entrada: '06:00:00',
    Salida: '07:00:00',
    Cantidad_Ingreso: 1
  },
  RowDataPacket {
    Nombre_Usuario: 'Zelenia',
    Ultima_fecha_Ingreso: 2020-05-30T00:00:00.000Z,
    Entrada: '08:00:00',
    Salida: '09:00:00',
    Cantidad_Ingreso: 1
  },
  RowDataPacket {
    Nombre_Usuario: 'Kendall',
    Ultima_fecha_Ingreso: 2020-03-23T00:00:00.000Z,
    Entrada: '10:00:00',
    Salida: '11:00:00',
    Cantidad_Ingreso: 1
  },
  RowDataPacket {
    Nombre_Usuario: 'Octavius',
    Ultima_fecha_Ingreso: 2020-03-31T00:00:00.000Z,
    Entrada: '11:00:00',
    Salida: '12:00:00',
    Cantidad_Ingreso: 1
  }
]
[
  RowDataPacket {
    Nombre_Usuario: 'Brayan',
    Ultima_fecha_Ingreso: 2006-05-06T00:00:00.000Z,
    Entrada: '04:30:00',
    Salida: '06:30:00',
    Cantidad_Ingreso: 2
  },
  RowDataPacket {
    Nombre_Usuario: 'Antonio',
    Ultima_fecha_Ingreso: 2016-03-21T00:00:00.000Z,
    Entrada: '02:15:00',
    Salida: '02:50:00',
    Cantidad_Ingreso: 5
  },
  RowDataPacket {
    Nombre_Usuario: 'Migel',
    Ultima_fecha_Ingreso: 2005-11-10T00:00:00.000Z,
    Entrada: '02:25:00',
    Salida: '06:25:00',
    Cantidad_Ingreso: 1
  },
  RowDataPacket {
    Nombre_Usuario: 'Marco',
    Ultima_fecha_Ingreso: 2007-07-12T00:00:00.000Z,
    Entrada: '02:10:00',
    Salida: '04:05:00',
    Cantidad_Ingreso: 1
  },
  RowDataPacket {
    Nombre_Usuario: 'Deborah',
    Ultima_fecha_Ingreso: 2008-07-14T00:00:00.000Z,
    Entrada: '16:15:00',
    Salida: '18:25:00',
    Cantidad_Ingreso: 1
  },
  RowDataPacket {
    Nombre_Usuario: 'Travis',
    Ultima_fecha_Ingreso: 2009-01-12T00:00:00.000Z,
    Entrada: '10:02:00',
    Salida: '12:00:00',
    Cantidad_Ingreso: 1
  },
  RowDataPacket {
    Nombre_Usuario: 'Rebecca',
    Ultima_fecha_Ingreso: 2014-03-21T00:00:00.000Z,
    Entrada: '10:00:00',
    Salida: '12:00:00',
    Cantidad_Ingreso: 2
  },
  RowDataPacket {
    Nombre_Usuario: 'Abbot',
    Ultima_fecha_Ingreso: 2019-03-18T00:00:00.000Z,
    Entrada: '10:00:00',
    Salida: '14:00:00',
    Cantidad_Ingreso: 2
  },
  RowDataPacket {
    Nombre_Usuario: 'Alexander',
    Ultima_fecha_Ingreso: 2020-04-25T00:00:00.000Z,
    Entrada: '09:00:00',
    Salida: '10:00:00',
    Cantidad_Ingreso: 1
  },
  RowDataPacket {
    Nombre_Usuario: 'Joseph',
    Ultima_fecha_Ingreso: 2017-03-17T00:00:00.000Z,
    Entrada: '03:00:00',
    Salida: '04:00:00',
    Cantidad_Ingreso: 1
  },
  RowDataPacket {
    Nombre_Usuario: 'Kirsten',
    Ultima_fecha_Ingreso: 2020-05-14T00:00:00.000Z,
    Entrada: '01:00:00',
    Salida: '02:00:00',
    Cantidad_Ingreso: 3
  },
  RowDataPacket {
    Nombre_Usuario: 'Giacomo',
    Ultima_fecha_Ingreso: 2020-04-18T00:00:00.000Z,
    Entrada: '06:00:00',
    Salida: '07:00:00',
    Cantidad_Ingreso: 1
  },
  RowDataPacket {
    Nombre_Usuario: 'Zelenia',
    Ultima_fecha_Ingreso: 2020-05-30T00:00:00.000Z,
    Entrada: '08:00:00',
    Salida: '09:00:00',
    Cantidad_Ingreso: 1
  },
  RowDataPacket {
    Nombre_Usuario: 'Kendall',
    Ultima_fecha_Ingreso: 2020-03-23T00:00:00.000Z,
    Entrada: '10:00:00',
    Salida: '11:00:00',
    Cantidad_Ingreso: 1
  },
  RowDataPacket {
    Nombre_Usuario: 'Octavius',
    Ultima_fecha_Ingreso: 2020-03-31T00:00:00.000Z,
    Entrada: '11:00:00',
    Salida: '12:00:00',
    Cantidad_Ingreso: 1
  }
]
[
  RowDataPacket {
    Nombre_Usuario: 'Brayan',
    Ultima_fecha_Ingreso: 2006-05-06T00:00:00.000Z,
    Entrada: '04:30:00',
    Salida: '06:30:00',
    Cantidad_Ingreso: 2
  },
  RowDataPacket {
    Nombre_Usuario: 'Antonio',
    Ultima_fecha_Ingreso: 2016-03-21T00:00:00.000Z,
    Entrada: '02:15:00',
    Salida: '02:50:00',
    Cantidad_Ingreso: 5
  },
  RowDataPacket {
    Nombre_Usuario: 'Migel',
    Ultima_fecha_Ingreso: 2005-11-10T00:00:00.000Z,
    Entrada: '02:25:00',
    Salida: '06:25:00',
    Cantidad_Ingreso: 1
  },
  RowDataPacket {
    Nombre_Usuario: 'Marco',
    Ultima_fecha_Ingreso: 2007-07-12T00:00:00.000Z,
    Entrada: '02:10:00',
    Salida: '04:05:00',
    Cantidad_Ingreso: 1
  },
  RowDataPacket {
    Nombre_Usuario: 'Deborah',
    Ultima_fecha_Ingreso: 2008-07-14T00:00:00.000Z,
    Entrada: '16:15:00',
    Salida: '18:25:00',
    Cantidad_Ingreso: 1
  },
  RowDataPacket {
    Nombre_Usuario: 'Travis',
    Ultima_fecha_Ingreso: 2009-01-12T00:00:00.000Z,
    Entrada: '10:02:00',
    Salida: '12:00:00',
    Cantidad_Ingreso: 1
  },
  RowDataPacket {
    Nombre_Usuario: 'Rebecca',
    Ultima_fecha_Ingreso: 2014-03-21T00:00:00.000Z,
    Entrada: '10:00:00',
    Salida: '12:00:00',
    Cantidad_Ingreso: 2
  },
  RowDataPacket {
    Nombre_Usuario: 'Abbot',
    Ultima_fecha_Ingreso: 2019-03-18T00:00:00.000Z,
    Entrada: '10:00:00',
    Salida: '14:00:00',
    Cantidad_Ingreso: 2
  },
  RowDataPacket {
    Nombre_Usuario: 'Alexander',
    Ultima_fecha_Ingreso: 2020-04-25T00:00:00.000Z,
    Entrada: '09:00:00',
    Salida: '10:00:00',
    Cantidad_Ingreso: 1
  },
  RowDataPacket {
    Nombre_Usuario: 'Joseph',
    Ultima_fecha_Ingreso: 2017-03-17T00:00:00.000Z,
    Entrada: '03:00:00',
    Salida: '04:00:00',
    Cantidad_Ingreso: 1
  },
  RowDataPacket {
    Nombre_Usuario: 'Kirsten',
    Ultima_fecha_Ingreso: 2020-05-14T00:00:00.000Z,
    Entrada: '01:00:00',
    Salida: '02:00:00',
    Cantidad_Ingreso: 3
  },
  RowDataPacket {
    Nombre_Usuario: 'Giacomo',
    Ultima_fecha_Ingreso: 2020-04-18T00:00:00.000Z,
    Entrada: '06:00:00',
    Salida: '07:00:00',
    Cantidad_Ingreso: 1
  },
  RowDataPacket {
    Nombre_Usuario: 'Zelenia',
    Ultima_fecha_Ingreso: 2020-05-30T00:00:00.000Z,
    Entrada: '08:00:00',
    Salida: '09:00:00',
    Cantidad_Ingreso: 1
  },
  RowDataPacket {
    Nombre_Usuario: 'Kendall',
    Ultima_fecha_Ingreso: 2020-03-23T00:00:00.000Z,
    Entrada: '10:00:00',
    Salida: '11:00:00',
    Cantidad_Ingreso: 1
  },
  RowDataPacket {
    Nombre_Usuario: 'Octavius',
    Ultima_fecha_Ingreso: 2020-03-31T00:00:00.000Z,
    Entrada: '11:00:00',
    Salida: '12:00:00',
    Cantidad_Ingreso: 1
  }
]
server on port 80
[
  RowDataPacket {
    Nombre_Usuario: 'Brayan',
    Ultima_fecha_Ingreso: 2006-05-06T00:00:00.000Z,
    Entrada: '04:30:00',
    Salida: '06:30:00',
    Cantidad_Ingreso: 2
  },
  RowDataPacket {
    Nombre_Usuario: 'Antonio',
    Ultima_fecha_Ingreso: 2016-03-21T00:00:00.000Z,
    Entrada: '02:15:00',
    Salida: '02:50:00',
    Cantidad_Ingreso: 5
  },
  RowDataPacket {
    Nombre_Usuario: 'Migel',
    Ultima_fecha_Ingreso: 2005-11-10T00:00:00.000Z,
    Entrada: '02:25:00',
    Salida: '06:25:00',
    Cantidad_Ingreso: 1
  },
  RowDataPacket {
    Nombre_Usuario: 'Marco',
    Ultima_fecha_Ingreso: 2007-07-12T00:00:00.000Z,
    Entrada: '02:10:00',
    Salida: '04:05:00',
    Cantidad_Ingreso: 1
  },
  RowDataPacket {
    Nombre_Usuario: 'Deborah',
    Ultima_fecha_Ingreso: 2008-07-14T00:00:00.000Z,
    Entrada: '16:15:00',
    Salida: '18:25:00',
    Cantidad_Ingreso: 1
  },
  RowDataPacket {
    Nombre_Usuario: 'Travis',
    Ultima_fecha_Ingreso: 2009-01-12T00:00:00.000Z,
    Entrada: '10:02:00',
    Salida: '12:00:00',
    Cantidad_Ingreso: 1
  },
  RowDataPacket {
    Nombre_Usuario: 'Rebecca',
    Ultima_fecha_Ingreso: 2014-03-21T00:00:00.000Z,
    Entrada: '10:00:00',
    Salida: '12:00:00',
    Cantidad_Ingreso: 2
  },
  RowDataPacket {
    Nombre_Usuario: 'Abbot',
    Ultima_fecha_Ingreso: 2019-03-18T00:00:00.000Z,
    Entrada: '10:00:00',
    Salida: '14:00:00',
    Cantidad_Ingreso: 2
  },
  RowDataPacket {
    Nombre_Usuario: 'Alexander',
    Ultima_fecha_Ingreso: 2020-04-25T00:00:00.000Z,
    Entrada: '09:00:00',
    Salida: '10:00:00',
    Cantidad_Ingreso: 1
  },
  RowDataPacket {
    Nombre_Usuario: 'Joseph',
    Ultima_fecha_Ingreso: 2017-03-17T00:00:00.000Z,
    Entrada: '03:00:00',
    Salida: '04:00:00',
    Cantidad_Ingreso: 1
  },
  RowDataPacket {
    Nombre_Usuario: 'Kirsten',
    Ultima_fecha_Ingreso: 2020-05-14T00:00:00.000Z,
    Entrada: '01:00:00',
    Salida: '02:00:00',
    Cantidad_Ingreso: 3
  },
  RowDataPacket {
    Nombre_Usuario: 'Giacomo',
    Ultima_fecha_Ingreso: 2020-04-18T00:00:00.000Z,
    Entrada: '06:00:00',
    Salida: '07:00:00',
    Cantidad_Ingreso: 1
  },
  RowDataPacket {
    Nombre_Usuario: 'Zelenia',
    Ultima_fecha_Ingreso: 2020-05-30T00:00:00.000Z,
    Entrada: '08:00:00',
    Salida: '09:00:00',
    Cantidad_Ingreso: 1
  },
  RowDataPacket {
    Nombre_Usuario: 'Kendall',
    Ultima_fecha_Ingreso: 2020-03-23T00:00:00.000Z,
    Entrada: '10:00:00',
    Salida: '11:00:00',
    Cantidad_Ingreso: 1
  },
  RowDataPacket {
    Nombre_Usuario: 'Octavius',
    Ultima_fecha_Ingreso: 2020-03-31T00:00:00.000Z,
    Entrada: '11:00:00',
    Salida: '12:00:00',
    Cantidad_Ingreso: 1
  }
]
server on port 80
[
  RowDataPacket {
    Nombre_Usuario: 'Brayan',
    Ultima_fecha_Ingreso: 2006-05-06T00:00:00.000Z,
    Entrada: '04:30:00',
    Salida: '06:30:00',
    Cantidad_Ingreso: 2
  },
  RowDataPacket {
    Nombre_Usuario: 'Antonio',
    Ultima_fecha_Ingreso: 2016-03-21T00:00:00.000Z,
    Entrada: '02:15:00',
    Salida: '02:50:00',
    Cantidad_Ingreso: 5
  },
  RowDataPacket {
    Nombre_Usuario: 'Migel',
    Ultima_fecha_Ingreso: 2005-11-10T00:00:00.000Z,
    Entrada: '02:25:00',
    Salida: '06:25:00',
    Cantidad_Ingreso: 1
  },
  RowDataPacket {
    Nombre_Usuario: 'Marco',
    Ultima_fecha_Ingreso: 2007-07-12T00:00:00.000Z,
    Entrada: '02:10:00',
    Salida: '04:05:00',
    Cantidad_Ingreso: 1
  },
  RowDataPacket {
    Nombre_Usuario: 'Deborah',
    Ultima_fecha_Ingreso: 2008-07-14T00:00:00.000Z,
    Entrada: '16:15:00',
    Salida: '18:25:00',
    Cantidad_Ingreso: 1
  },
  RowDataPacket {
    Nombre_Usuario: 'Travis',
    Ultima_fecha_Ingreso: 2009-01-12T00:00:00.000Z,
    Entrada: '10:02:00',
    Salida: '12:00:00',
    Cantidad_Ingreso: 1
  },
  RowDataPacket {
    Nombre_Usuario: 'Rebecca',
    Ultima_fecha_Ingreso: 2014-03-21T00:00:00.000Z,
    Entrada: '10:00:00',
    Salida: '12:00:00',
    Cantidad_Ingreso: 2
  },
  RowDataPacket {
    Nombre_Usuario: 'Abbot',
    Ultima_fecha_Ingreso: 2019-03-18T00:00:00.000Z,
    Entrada: '10:00:00',
    Salida: '14:00:00',
    Cantidad_Ingreso: 2
  },
  RowDataPacket {
    Nombre_Usuario: 'Alexander',
    Ultima_fecha_Ingreso: 2020-04-25T00:00:00.000Z,
    Entrada: '09:00:00',
    Salida: '10:00:00',
    Cantidad_Ingreso: 1
  },
  RowDataPacket {
    Nombre_Usuario: 'Joseph',
    Ultima_fecha_Ingreso: 2017-03-17T00:00:00.000Z,
    Entrada: '03:00:00',
    Salida: '04:00:00',
    Cantidad_Ingreso: 1
  },
  RowDataPacket {
    Nombre_Usuario: 'Kirsten',
    Ultima_fecha_Ingreso: 2020-05-14T00:00:00.000Z,
    Entrada: '01:00:00',
    Salida: '02:00:00',
    Cantidad_Ingreso: 3
  },
  RowDataPacket {
    Nombre_Usuario: 'Giacomo',
    Ultima_fecha_Ingreso: 2020-04-18T00:00:00.000Z,
    Entrada: '06:00:00',
    Salida: '07:00:00',
    Cantidad_Ingreso: 1
  },
  RowDataPacket {
    Nombre_Usuario: 'Zelenia',
    Ultima_fecha_Ingreso: 2020-05-30T00:00:00.000Z,
    Entrada: '08:00:00',
    Salida: '09:00:00',
    Cantidad_Ingreso: 1
  },
  RowDataPacket {
    Nombre_Usuario: 'Kendall',
    Ultima_fecha_Ingreso: 2020-03-23T00:00:00.000Z,
    Entrada: '10:00:00',
    Salida: '11:00:00',
    Cantidad_Ingreso: 1
  },
  RowDataPacket {
    Nombre_Usuario: 'Octavius',
    Ultima_fecha_Ingreso: 2020-03-31T00:00:00.000Z,
    Entrada: '11:00:00',
    Salida: '12:00:00',
    Cantidad_Ingreso: 1
  }
]
server on port 80
[
  RowDataPacket {
    Nombre_Usuario: 'Brayan',
    Ultima_fecha_Ingreso: 2006-05-06T00:00:00.000Z,
    Entrada: '04:30:00',
    Salida: '06:30:00',
    Cantidad_Ingreso: 2
  },
  RowDataPacket {
    Nombre_Usuario: 'Antonio',
    Ultima_fecha_Ingreso: 2016-03-21T00:00:00.000Z,
    Entrada: '02:15:00',
    Salida: '02:50:00',
    Cantidad_Ingreso: 5
  },
  RowDataPacket {
    Nombre_Usuario: 'Migel',
    Ultima_fecha_Ingreso: 2005-11-10T00:00:00.000Z,
    Entrada: '02:25:00',
    Salida: '06:25:00',
    Cantidad_Ingreso: 1
  },
  RowDataPacket {
    Nombre_Usuario: 'Marco',
    Ultima_fecha_Ingreso: 2007-07-12T00:00:00.000Z,
    Entrada: '02:10:00',
    Salida: '04:05:00',
    Cantidad_Ingreso: 1
  },
  RowDataPacket {
    Nombre_Usuario: 'Deborah',
    Ultima_fecha_Ingreso: 2008-07-14T00:00:00.000Z,
    Entrada: '16:15:00',
    Salida: '18:25:00',
    Cantidad_Ingreso: 1
  },
  RowDataPacket {
    Nombre_Usuario: 'Travis',
    Ultima_fecha_Ingreso: 2009-01-12T00:00:00.000Z,
    Entrada: '10:02:00',
    Salida: '12:00:00',
    Cantidad_Ingreso: 1
  },
  RowDataPacket {
    Nombre_Usuario: 'Rebecca',
    Ultima_fecha_Ingreso: 2014-03-21T00:00:00.000Z,
    Entrada: '10:00:00',
    Salida: '12:00:00',
    Cantidad_Ingreso: 2
  },
  RowDataPacket {
    Nombre_Usuario: 'Abbot',
    Ultima_fecha_Ingreso: 2019-03-18T00:00:00.000Z,
    Entrada: '10:00:00',
    Salida: '14:00:00',
    Cantidad_Ingreso: 2
  },
  RowDataPacket {
    Nombre_Usuario: 'Alexander',
    Ultima_fecha_Ingreso: 2020-04-25T00:00:00.000Z,
    Entrada: '09:00:00',
    Salida: '10:00:00',
    Cantidad_Ingreso: 1
  },
  RowDataPacket {
    Nombre_Usuario: 'Joseph',
    Ultima_fecha_Ingreso: 2017-03-17T00:00:00.000Z,
    Entrada: '03:00:00',
    Salida: '04:00:00',
    Cantidad_Ingreso: 1
  },
  RowDataPacket {
    Nombre_Usuario: 'Kirsten',
    Ultima_fecha_Ingreso: 2020-05-14T00:00:00.000Z,
    Entrada: '01:00:00',
    Salida: '02:00:00',
    Cantidad_Ingreso: 3
  },
  RowDataPacket {
    Nombre_Usuario: 'Giacomo',
    Ultima_fecha_Ingreso: 2020-04-18T00:00:00.000Z,
    Entrada: '06:00:00',
    Salida: '07:00:00',
    Cantidad_Ingreso: 1
  },
  RowDataPacket {
    Nombre_Usuario: 'Zelenia',
    Ultima_fecha_Ingreso: 2020-05-30T00:00:00.000Z,
    Entrada: '08:00:00',
    Salida: '09:00:00',
    Cantidad_Ingreso: 1
  },
  RowDataPacket {
    Nombre_Usuario: 'Kendall',
    Ultima_fecha_Ingreso: 2020-03-23T00:00:00.000Z,
    Entrada: '10:00:00',
    Salida: '11:00:00',
    Cantidad_Ingreso: 1
  },
  RowDataPacket {
    Nombre_Usuario: 'Octavius',
    Ultima_fecha_Ingreso: 2020-03-31T00:00:00.000Z,
    Entrada: '11:00:00',
    Salida: '12:00:00',
    Cantidad_Ingreso: 1
  }
]
server on port 80
[
  RowDataPacket {
    Nombre_Usuario: 'Brayan',
    Ultima_fecha_Ingreso: 2006-05-06T00:00:00.000Z,
    Entrada: '04:30:00',
    Salida: '06:30:00',
    Cantidad_Ingreso: 2
  },
  RowDataPacket {
    Nombre_Usuario: 'Antonio',
    Ultima_fecha_Ingreso: 2016-03-21T00:00:00.000Z,
    Entrada: '02:15:00',
    Salida: '02:50:00',
    Cantidad_Ingreso: 5
  },
  RowDataPacket {
    Nombre_Usuario: 'Migel',
    Ultima_fecha_Ingreso: 2005-11-10T00:00:00.000Z,
    Entrada: '02:25:00',
    Salida: '06:25:00',
    Cantidad_Ingreso: 1
  },
  RowDataPacket {
    Nombre_Usuario: 'Marco',
    Ultima_fecha_Ingreso: 2007-07-12T00:00:00.000Z,
    Entrada: '02:10:00',
    Salida: '04:05:00',
    Cantidad_Ingreso: 1
  },
  RowDataPacket {
    Nombre_Usuario: 'Deborah',
    Ultima_fecha_Ingreso: 2008-07-14T00:00:00.000Z,
    Entrada: '16:15:00',
    Salida: '18:25:00',
    Cantidad_Ingreso: 1
  },
  RowDataPacket {
    Nombre_Usuario: 'Travis',
    Ultima_fecha_Ingreso: 2009-01-12T00:00:00.000Z,
    Entrada: '10:02:00',
    Salida: '12:00:00',
    Cantidad_Ingreso: 1
  },
  RowDataPacket {
    Nombre_Usuario: 'Rebecca',
    Ultima_fecha_Ingreso: 2014-03-21T00:00:00.000Z,
    Entrada: '10:00:00',
    Salida: '12:00:00',
    Cantidad_Ingreso: 2
  },
  RowDataPacket {
    Nombre_Usuario: 'Abbot',
    Ultima_fecha_Ingreso: 2019-03-18T00:00:00.000Z,
    Entrada: '10:00:00',
    Salida: '14:00:00',
    Cantidad_Ingreso: 2
  },
  RowDataPacket {
    Nombre_Usuario: 'Alexander',
    Ultima_fecha_Ingreso: 2020-04-25T00:00:00.000Z,
    Entrada: '09:00:00',
    Salida: '10:00:00',
    Cantidad_Ingreso: 1
  },
  RowDataPacket {
    Nombre_Usuario: 'Joseph',
    Ultima_fecha_Ingreso: 2017-03-17T00:00:00.000Z,
    Entrada: '03:00:00',
    Salida: '04:00:00',
    Cantidad_Ingreso: 1
  },
  RowDataPacket {
    Nombre_Usuario: 'Kirsten',
    Ultima_fecha_Ingreso: 2020-05-14T00:00:00.000Z,
    Entrada: '01:00:00',
    Salida: '02:00:00',
    Cantidad_Ingreso: 3
  },
  RowDataPacket {
    Nombre_Usuario: 'Giacomo',
    Ultima_fecha_Ingreso: 2020-04-18T00:00:00.000Z,
    Entrada: '06:00:00',
    Salida: '07:00:00',
    Cantidad_Ingreso: 1
  },
  RowDataPacket {
    Nombre_Usuario: 'Zelenia',
    Ultima_fecha_Ingreso: 2020-05-30T00:00:00.000Z,
    Entrada: '08:00:00',
    Salida: '09:00:00',
    Cantidad_Ingreso: 1
  },
  RowDataPacket {
    Nombre_Usuario: 'Kendall',
    Ultima_fecha_Ingreso: 2020-03-23T00:00:00.000Z,
    Entrada: '10:00:00',
    Salida: '11:00:00',
    Cantidad_Ingreso: 1
  },
  RowDataPacket {
    Nombre_Usuario: 'Octavius',
    Ultima_fecha_Ingreso: 2020-03-31T00:00:00.000Z,
    Entrada: '11:00:00',
    Salida: '12:00:00',
    Cantidad_Ingreso: 1
  }
]
server on port 80
[
  RowDataPacket {
    Nombre_Usuario: 'Brayan',
    Ultima_fecha_Ingreso: 2006-05-06T00:00:00.000Z,
    Entrada: '04:30:00',
    Salida: '06:30:00',
    Cantidad_Ingreso: 2
  },
  RowDataPacket {
    Nombre_Usuario: 'Antonio',
    Ultima_fecha_Ingreso: 2016-03-21T00:00:00.000Z,
    Entrada: '02:15:00',
    Salida: '02:50:00',
    Cantidad_Ingreso: 5
  },
  RowDataPacket {
    Nombre_Usuario: 'Migel',
    Ultima_fecha_Ingreso: 2005-11-10T00:00:00.000Z,
    Entrada: '02:25:00',
    Salida: '06:25:00',
    Cantidad_Ingreso: 1
  },
  RowDataPacket {
    Nombre_Usuario: 'Marco',
    Ultima_fecha_Ingreso: 2007-07-12T00:00:00.000Z,
    Entrada: '02:10:00',
    Salida: '04:05:00',
    Cantidad_Ingreso: 1
  },
  RowDataPacket {
    Nombre_Usuario: 'Deborah',
    Ultima_fecha_Ingreso: 2008-07-14T00:00:00.000Z,
    Entrada: '16:15:00',
    Salida: '18:25:00',
    Cantidad_Ingreso: 1
  },
  RowDataPacket {
    Nombre_Usuario: 'Travis',
    Ultima_fecha_Ingreso: 2009-01-12T00:00:00.000Z,
    Entrada: '10:02:00',
    Salida: '12:00:00',
    Cantidad_Ingreso: 1
  },
  RowDataPacket {
    Nombre_Usuario: 'Rebecca',
    Ultima_fecha_Ingreso: 2014-03-21T00:00:00.000Z,
    Entrada: '10:00:00',
    Salida: '12:00:00',
    Cantidad_Ingreso: 2
  },
  RowDataPacket {
    Nombre_Usuario: 'Abbot',
    Ultima_fecha_Ingreso: 2019-03-18T00:00:00.000Z,
    Entrada: '10:00:00',
    Salida: '14:00:00',
    Cantidad_Ingreso: 2
  },
  RowDataPacket {
    Nombre_Usuario: 'Alexander',
    Ultima_fecha_Ingreso: 2020-04-25T00:00:00.000Z,
    Entrada: '09:00:00',
    Salida: '10:00:00',
    Cantidad_Ingreso: 1
  },
  RowDataPacket {
    Nombre_Usuario: 'Joseph',
    Ultima_fecha_Ingreso: 2017-03-17T00:00:00.000Z,
    Entrada: '03:00:00',
    Salida: '04:00:00',
    Cantidad_Ingreso: 1
  },
  RowDataPacket {
    Nombre_Usuario: 'Kirsten',
    Ultima_fecha_Ingreso: 2020-05-14T00:00:00.000Z,
    Entrada: '01:00:00',
    Salida: '02:00:00',
    Cantidad_Ingreso: 3
  },
  RowDataPacket {
    Nombre_Usuario: 'Giacomo',
    Ultima_fecha_Ingreso: 2020-04-18T00:00:00.000Z,
    Entrada: '06:00:00',
    Salida: '07:00:00',
    Cantidad_Ingreso: 1
  },
  RowDataPacket {
    Nombre_Usuario: 'Zelenia',
    Ultima_fecha_Ingreso: 2020-05-30T00:00:00.000Z,
    Entrada: '08:00:00',
    Salida: '09:00:00',
    Cantidad_Ingreso: 1
  },
  RowDataPacket {
    Nombre_Usuario: 'Kendall',
    Ultima_fecha_Ingreso: 2020-03-23T00:00:00.000Z,
    Entrada: '10:00:00',
    Salida: '11:00:00',
    Cantidad_Ingreso: 1
  },
  RowDataPacket {
    Nombre_Usuario: 'Octavius',
    Ultima_fecha_Ingreso: 2020-03-31T00:00:00.000Z,
    Entrada: '11:00:00',
    Salida: '12:00:00',
    Cantidad_Ingreso: 1
  }
]
server on port 80
[
  RowDataPacket {
    Nombre_Usuario: 'Brayan',
    Ultima_fecha_Ingreso: 2006-05-06T00:00:00.000Z,
    Entrada: '04:30:00',
    Salida: '06:30:00',
    Cantidad_Ingreso: 2
  },
  RowDataPacket {
    Nombre_Usuario: 'Antonio',
    Ultima_fecha_Ingreso: 2016-03-21T00:00:00.000Z,
    Entrada: '02:15:00',
    Salida: '02:50:00',
    Cantidad_Ingreso: 5
  },
  RowDataPacket {
    Nombre_Usuario: 'Migel',
    Ultima_fecha_Ingreso: 2005-11-10T00:00:00.000Z,
    Entrada: '02:25:00',
    Salida: '06:25:00',
    Cantidad_Ingreso: 1
  },
  RowDataPacket {
    Nombre_Usuario: 'Marco',
    Ultima_fecha_Ingreso: 2007-07-12T00:00:00.000Z,
    Entrada: '02:10:00',
    Salida: '04:05:00',
    Cantidad_Ingreso: 1
  },
  RowDataPacket {
    Nombre_Usuario: 'Deborah',
    Ultima_fecha_Ingreso: 2008-07-14T00:00:00.000Z,
    Entrada: '16:15:00',
    Salida: '18:25:00',
    Cantidad_Ingreso: 1
  },
  RowDataPacket {
    Nombre_Usuario: 'Travis',
    Ultima_fecha_Ingreso: 2009-01-12T00:00:00.000Z,
    Entrada: '10:02:00',
    Salida: '12:00:00',
    Cantidad_Ingreso: 1
  },
  RowDataPacket {
    Nombre_Usuario: 'Rebecca',
    Ultima_fecha_Ingreso: 2014-03-21T00:00:00.000Z,
    Entrada: '10:00:00',
    Salida: '12:00:00',
    Cantidad_Ingreso: 2
  },
  RowDataPacket {
    Nombre_Usuario: 'Abbot',
    Ultima_fecha_Ingreso: 2019-03-18T00:00:00.000Z,
    Entrada: '10:00:00',
    Salida: '14:00:00',
    Cantidad_Ingreso: 2
  },
  RowDataPacket {
    Nombre_Usuario: 'Alexander',
    Ultima_fecha_Ingreso: 2020-04-25T00:00:00.000Z,
    Entrada: '09:00:00',
    Salida: '10:00:00',
    Cantidad_Ingreso: 1
  },
  RowDataPacket {
    Nombre_Usuario: 'Joseph',
    Ultima_fecha_Ingreso: 2017-03-17T00:00:00.000Z,
    Entrada: '03:00:00',
    Salida: '04:00:00',
    Cantidad_Ingreso: 1
  },
  RowDataPacket {
    Nombre_Usuario: 'Kirsten',
    Ultima_fecha_Ingreso: 2020-05-14T00:00:00.000Z,
    Entrada: '01:00:00',
    Salida: '02:00:00',
    Cantidad_Ingreso: 3
  },
  RowDataPacket {
    Nombre_Usuario: 'Giacomo',
    Ultima_fecha_Ingreso: 2020-04-18T00:00:00.000Z,
    Entrada: '06:00:00',
    Salida: '07:00:00',
    Cantidad_Ingreso: 1
  },
  RowDataPacket {
    Nombre_Usuario: 'Zelenia',
    Ultima_fecha_Ingreso: 2020-05-30T00:00:00.000Z,
    Entrada: '08:00:00',
    Salida: '09:00:00',
    Cantidad_Ingreso: 1
  },
  RowDataPacket {
    Nombre_Usuario: 'Kendall',
    Ultima_fecha_Ingreso: 2020-03-23T00:00:00.000Z,
    Entrada: '10:00:00',
    Salida: '11:00:00',
    Cantidad_Ingreso: 1
  },
  RowDataPacket {
    Nombre_Usuario: 'Octavius',
    Ultima_fecha_Ingreso: 2020-03-31T00:00:00.000Z,
    Entrada: '11:00:00',
    Salida: '12:00:00',
    Cantidad_Ingreso: 1
  }
]
server on port 80
[
  RowDataPacket {
    Nombre_Usuario: 'Brayan',
    Ultima_fecha_Ingreso: 2006-05-06T00:00:00.000Z,
    Entrada: '04:30:00',
    Salida: '06:30:00',
    Cantidad_Ingreso: 2
  },
  RowDataPacket {
    Nombre_Usuario: 'Antonio',
    Ultima_fecha_Ingreso: 2016-03-21T00:00:00.000Z,
    Entrada: '02:15:00',
    Salida: '02:50:00',
    Cantidad_Ingreso: 5
  },
  RowDataPacket {
    Nombre_Usuario: 'Migel',
    Ultima_fecha_Ingreso: 2005-11-10T00:00:00.000Z,
    Entrada: '02:25:00',
    Salida: '06:25:00',
    Cantidad_Ingreso: 1
  },
  RowDataPacket {
    Nombre_Usuario: 'Marco',
    Ultima_fecha_Ingreso: 2007-07-12T00:00:00.000Z,
    Entrada: '02:10:00',
    Salida: '04:05:00',
    Cantidad_Ingreso: 1
  },
  RowDataPacket {
    Nombre_Usuario: 'Deborah',
    Ultima_fecha_Ingreso: 2008-07-14T00:00:00.000Z,
    Entrada: '16:15:00',
    Salida: '18:25:00',
    Cantidad_Ingreso: 1
  },
  RowDataPacket {
    Nombre_Usuario: 'Travis',
    Ultima_fecha_Ingreso: 2009-01-12T00:00:00.000Z,
    Entrada: '10:02:00',
    Salida: '12:00:00',
    Cantidad_Ingreso: 1
  },
  RowDataPacket {
    Nombre_Usuario: 'Rebecca',
    Ultima_fecha_Ingreso: 2014-03-21T00:00:00.000Z,
    Entrada: '10:00:00',
    Salida: '12:00:00',
    Cantidad_Ingreso: 2
  },
  RowDataPacket {
    Nombre_Usuario: 'Abbot',
    Ultima_fecha_Ingreso: 2019-03-18T00:00:00.000Z,
    Entrada: '10:00:00',
    Salida: '14:00:00',
    Cantidad_Ingreso: 2
  },
  RowDataPacket {
    Nombre_Usuario: 'Alexander',
    Ultima_fecha_Ingreso: 2020-04-25T00:00:00.000Z,
    Entrada: '09:00:00',
    Salida: '10:00:00',
    Cantidad_Ingreso: 1
  },
  RowDataPacket {
    Nombre_Usuario: 'Joseph',
    Ultima_fecha_Ingreso: 2017-03-17T00:00:00.000Z,
    Entrada: '03:00:00',
    Salida: '04:00:00',
    Cantidad_Ingreso: 1
  },
  RowDataPacket {
    Nombre_Usuario: 'Kirsten',
    Ultima_fecha_Ingreso: 2020-05-14T00:00:00.000Z,
    Entrada: '01:00:00',
    Salida: '02:00:00',
    Cantidad_Ingreso: 3
  },
  RowDataPacket {
    Nombre_Usuario: 'Giacomo',
    Ultima_fecha_Ingreso: 2020-04-18T00:00:00.000Z,
    Entrada: '06:00:00',
    Salida: '07:00:00',
    Cantidad_Ingreso: 1
  },
  RowDataPacket {
    Nombre_Usuario: 'Zelenia',
    Ultima_fecha_Ingreso: 2020-05-30T00:00:00.000Z,
    Entrada: '08:00:00',
    Salida: '09:00:00',
    Cantidad_Ingreso: 1
  },
  RowDataPacket {
    Nombre_Usuario: 'Kendall',
    Ultima_fecha_Ingreso: 2020-03-23T00:00:00.000Z,
    Entrada: '10:00:00',
    Salida: '11:00:00',
    Cantidad_Ingreso: 1
  },
  RowDataPacket {
    Nombre_Usuario: 'Octavius',
    Ultima_fecha_Ingreso: 2020-03-31T00:00:00.000Z,
    Entrada: '11:00:00',
    Salida: '12:00:00',
    Cantidad_Ingreso: 1
  }
]
server on port 80
[
  RowDataPacket {
    Nombre_Usuario: 'Brayan',
    Ultima_fecha_Ingreso: 2006-05-06T00:00:00.000Z,
    Entrada: '04:30:00',
    Salida: '06:30:00',
    Cantidad_Ingreso: 2
  },
  RowDataPacket {
    Nombre_Usuario: 'Antonio',
    Ultima_fecha_Ingreso: 2016-03-21T00:00:00.000Z,
    Entrada: '02:15:00',
    Salida: '02:50:00',
    Cantidad_Ingreso: 5
  },
  RowDataPacket {
    Nombre_Usuario: 'Migel',
    Ultima_fecha_Ingreso: 2005-11-10T00:00:00.000Z,
    Entrada: '02:25:00',
    Salida: '06:25:00',
    Cantidad_Ingreso: 1
  },
  RowDataPacket {
    Nombre_Usuario: 'Marco',
    Ultima_fecha_Ingreso: 2007-07-12T00:00:00.000Z,
    Entrada: '02:10:00',
    Salida: '04:05:00',
    Cantidad_Ingreso: 1
  },
  RowDataPacket {
    Nombre_Usuario: 'Deborah',
    Ultima_fecha_Ingreso: 2008-07-14T00:00:00.000Z,
    Entrada: '16:15:00',
    Salida: '18:25:00',
    Cantidad_Ingreso: 1
  },
  RowDataPacket {
    Nombre_Usuario: 'Travis',
    Ultima_fecha_Ingreso: 2009-01-12T00:00:00.000Z,
    Entrada: '10:02:00',
    Salida: '12:00:00',
    Cantidad_Ingreso: 1
  },
  RowDataPacket {
    Nombre_Usuario: 'Rebecca',
    Ultima_fecha_Ingreso: 2014-03-21T00:00:00.000Z,
    Entrada: '10:00:00',
    Salida: '12:00:00',
    Cantidad_Ingreso: 2
  },
  RowDataPacket {
    Nombre_Usuario: 'Abbot',
    Ultima_fecha_Ingreso: 2019-03-18T00:00:00.000Z,
    Entrada: '10:00:00',
    Salida: '14:00:00',
    Cantidad_Ingreso: 2
  },
  RowDataPacket {
    Nombre_Usuario: 'Alexander',
    Ultima_fecha_Ingreso: 2020-04-25T00:00:00.000Z,
    Entrada: '09:00:00',
    Salida: '10:00:00',
    Cantidad_Ingreso: 1
  },
  RowDataPacket {
    Nombre_Usuario: 'Joseph',
    Ultima_fecha_Ingreso: 2017-03-17T00:00:00.000Z,
    Entrada: '03:00:00',
    Salida: '04:00:00',
    Cantidad_Ingreso: 1
  },
  RowDataPacket {
    Nombre_Usuario: 'Kirsten',
    Ultima_fecha_Ingreso: 2020-05-14T00:00:00.000Z,
    Entrada: '01:00:00',
    Salida: '02:00:00',
    Cantidad_Ingreso: 3
  },
  RowDataPacket {
    Nombre_Usuario: 'Giacomo',
    Ultima_fecha_Ingreso: 2020-04-18T00:00:00.000Z,
    Entrada: '06:00:00',
    Salida: '07:00:00',
    Cantidad_Ingreso: 1
  },
  RowDataPacket {
    Nombre_Usuario: 'Zelenia',
    Ultima_fecha_Ingreso: 2020-05-30T00:00:00.000Z,
    Entrada: '08:00:00',
    Salida: '09:00:00',
    Cantidad_Ingreso: 1
  },
  RowDataPacket {
    Nombre_Usuario: 'Kendall',
    Ultima_fecha_Ingreso: 2020-03-23T00:00:00.000Z,
    Entrada: '10:00:00',
    Salida: '11:00:00',
    Cantidad_Ingreso: 1
  },
  RowDataPacket {
    Nombre_Usuario: 'Octavius',
    Ultima_fecha_Ingreso: 2020-03-31T00:00:00.000Z,
    Entrada: '11:00:00',
    Salida: '12:00:00',
    Cantidad_Ingreso: 1
  }
]
[
  RowDataPacket {
    Nombre_Usuario: 'Brayan',
    Ultima_fecha_Ingreso: 2006-05-06T00:00:00.000Z,
    Entrada: '04:30:00',
    Salida: '06:30:00',
    Cantidad_Ingreso: 2
  },
  RowDataPacket {
    Nombre_Usuario: 'Antonio',
    Ultima_fecha_Ingreso: 2016-03-21T00:00:00.000Z,
    Entrada: '02:15:00',
    Salida: '02:50:00',
    Cantidad_Ingreso: 5
  },
  RowDataPacket {
    Nombre_Usuario: 'Migel',
    Ultima_fecha_Ingreso: 2005-11-10T00:00:00.000Z,
    Entrada: '02:25:00',
    Salida: '06:25:00',
    Cantidad_Ingreso: 1
  },
  RowDataPacket {
    Nombre_Usuario: 'Marco',
    Ultima_fecha_Ingreso: 2007-07-12T00:00:00.000Z,
    Entrada: '02:10:00',
    Salida: '04:05:00',
    Cantidad_Ingreso: 1
  },
  RowDataPacket {
    Nombre_Usuario: 'Deborah',
    Ultima_fecha_Ingreso: 2008-07-14T00:00:00.000Z,
    Entrada: '16:15:00',
    Salida: '18:25:00',
    Cantidad_Ingreso: 1
  },
  RowDataPacket {
    Nombre_Usuario: 'Travis',
    Ultima_fecha_Ingreso: 2009-01-12T00:00:00.000Z,
    Entrada: '10:02:00',
    Salida: '12:00:00',
    Cantidad_Ingreso: 1
  },
  RowDataPacket {
    Nombre_Usuario: 'Rebecca',
    Ultima_fecha_Ingreso: 2014-03-21T00:00:00.000Z,
    Entrada: '10:00:00',
    Salida: '12:00:00',
    Cantidad_Ingreso: 2
  },
  RowDataPacket {
    Nombre_Usuario: 'Abbot',
    Ultima_fecha_Ingreso: 2019-03-18T00:00:00.000Z,
    Entrada: '10:00:00',
    Salida: '14:00:00',
    Cantidad_Ingreso: 2
  },
  RowDataPacket {
    Nombre_Usuario: 'Alexander',
    Ultima_fecha_Ingreso: 2020-04-25T00:00:00.000Z,
    Entrada: '09:00:00',
    Salida: '10:00:00',
    Cantidad_Ingreso: 1
  },
  RowDataPacket {
    Nombre_Usuario: 'Joseph',
    Ultima_fecha_Ingreso: 2017-03-17T00:00:00.000Z,
    Entrada: '03:00:00',
    Salida: '04:00:00',
    Cantidad_Ingreso: 1
  },
  RowDataPacket {
    Nombre_Usuario: 'Kirsten',
    Ultima_fecha_Ingreso: 2020-05-14T00:00:00.000Z,
    Entrada: '01:00:00',
    Salida: '02:00:00',
    Cantidad_Ingreso: 3
  },
  RowDataPacket {
    Nombre_Usuario: 'Giacomo',
    Ultima_fecha_Ingreso: 2020-04-18T00:00:00.000Z,
    Entrada: '06:00:00',
    Salida: '07:00:00',
    Cantidad_Ingreso: 1
  },
  RowDataPacket {
    Nombre_Usuario: 'Zelenia',
    Ultima_fecha_Ingreso: 2020-05-30T00:00:00.000Z,
    Entrada: '08:00:00',
    Salida: '09:00:00',
    Cantidad_Ingreso: 1
  },
  RowDataPacket {
    Nombre_Usuario: 'Kendall',
    Ultima_fecha_Ingreso: 2020-03-23T00:00:00.000Z,
    Entrada: '10:00:00',
    Salida: '11:00:00',
    Cantidad_Ingreso: 1
  },
  RowDataPacket {
    Nombre_Usuario: 'Octavius',
    Ultima_fecha_Ingreso: 2020-03-31T00:00:00.000Z,
    Entrada: '11:00:00',
    Salida: '12:00:00',
    Cantidad_Ingreso: 1
  }
]
server on port 80
[
  RowDataPacket {
    Nombre_Usuario: 'Brayan',
    Ultima_fecha_Ingreso: 2006-05-06T00:00:00.000Z,
    Entrada: '04:30:00',
    Salida: '06:30:00',
    Cantidad_Ingreso: 2
  },
  RowDataPacket {
    Nombre_Usuario: 'Antonio',
    Ultima_fecha_Ingreso: 2016-03-21T00:00:00.000Z,
    Entrada: '02:15:00',
    Salida: '02:50:00',
    Cantidad_Ingreso: 5
  },
  RowDataPacket {
    Nombre_Usuario: 'Migel',
    Ultima_fecha_Ingreso: 2005-11-10T00:00:00.000Z,
    Entrada: '02:25:00',
    Salida: '06:25:00',
    Cantidad_Ingreso: 1
  },
  RowDataPacket {
    Nombre_Usuario: 'Marco',
    Ultima_fecha_Ingreso: 2007-07-12T00:00:00.000Z,
    Entrada: '02:10:00',
    Salida: '04:05:00',
    Cantidad_Ingreso: 1
  },
  RowDataPacket {
    Nombre_Usuario: 'Deborah',
    Ultima_fecha_Ingreso: 2008-07-14T00:00:00.000Z,
    Entrada: '16:15:00',
    Salida: '18:25:00',
    Cantidad_Ingreso: 1
  },
  RowDataPacket {
    Nombre_Usuario: 'Travis',
    Ultima_fecha_Ingreso: 2009-01-12T00:00:00.000Z,
    Entrada: '10:02:00',
    Salida: '12:00:00',
    Cantidad_Ingreso: 1
  },
  RowDataPacket {
    Nombre_Usuario: 'Rebecca',
    Ultima_fecha_Ingreso: 2014-03-21T00:00:00.000Z,
    Entrada: '10:00:00',
    Salida: '12:00:00',
    Cantidad_Ingreso: 2
  },
  RowDataPacket {
    Nombre_Usuario: 'Abbot',
    Ultima_fecha_Ingreso: 2019-03-18T00:00:00.000Z,
    Entrada: '10:00:00',
    Salida: '14:00:00',
    Cantidad_Ingreso: 2
  },
  RowDataPacket {
    Nombre_Usuario: 'Alexander',
    Ultima_fecha_Ingreso: 2020-04-25T00:00:00.000Z,
    Entrada: '09:00:00',
    Salida: '10:00:00',
    Cantidad_Ingreso: 1
  },
  RowDataPacket {
    Nombre_Usuario: 'Joseph',
    Ultima_fecha_Ingreso: 2017-03-17T00:00:00.000Z,
    Entrada: '03:00:00',
    Salida: '04:00:00',
    Cantidad_Ingreso: 1
  },
  RowDataPacket {
    Nombre_Usuario: 'Kirsten',
    Ultima_fecha_Ingreso: 2020-05-14T00:00:00.000Z,
    Entrada: '01:00:00',
    Salida: '02:00:00',
    Cantidad_Ingreso: 3
  },
  RowDataPacket {
    Nombre_Usuario: 'Giacomo',
    Ultima_fecha_Ingreso: 2020-04-18T00:00:00.000Z,
    Entrada: '06:00:00',
    Salida: '07:00:00',
    Cantidad_Ingreso: 1
  },
  RowDataPacket {
    Nombre_Usuario: 'Zelenia',
    Ultima_fecha_Ingreso: 2020-05-30T00:00:00.000Z,
    Entrada: '08:00:00',
    Salida: '09:00:00',
    Cantidad_Ingreso: 1
  },
  RowDataPacket {
    Nombre_Usuario: 'Kendall',
    Ultima_fecha_Ingreso: 2020-03-23T00:00:00.000Z,
    Entrada: '10:00:00',
    Salida: '11:00:00',
    Cantidad_Ingreso: 1
  },
  RowDataPacket {
    Nombre_Usuario: 'Octavius',
    Ultima_fecha_Ingreso: 2020-03-31T00:00:00.000Z,
    Entrada: '11:00:00',
    Salida: '12:00:00',
    Cantidad_Ingreso: 1
  }
]
server on port 80
[
  RowDataPacket {
    Nombre_Usuario: 'Brayan',
    Ultima_fecha_Ingreso: 2006-05-06T00:00:00.000Z,
    Entrada: '04:30:00',
    Salida: '06:30:00',
    Cantidad_Ingreso: 2
  },
  RowDataPacket {
    Nombre_Usuario: 'Antonio',
    Ultima_fecha_Ingreso: 2016-03-21T00:00:00.000Z,
    Entrada: '02:15:00',
    Salida: '02:50:00',
    Cantidad_Ingreso: 5
  },
  RowDataPacket {
    Nombre_Usuario: 'Migel',
    Ultima_fecha_Ingreso: 2005-11-10T00:00:00.000Z,
    Entrada: '02:25:00',
    Salida: '06:25:00',
    Cantidad_Ingreso: 1
  },
  RowDataPacket {
    Nombre_Usuario: 'Marco',
    Ultima_fecha_Ingreso: 2007-07-12T00:00:00.000Z,
    Entrada: '02:10:00',
    Salida: '04:05:00',
    Cantidad_Ingreso: 1
  },
  RowDataPacket {
    Nombre_Usuario: 'Deborah',
    Ultima_fecha_Ingreso: 2008-07-14T00:00:00.000Z,
    Entrada: '16:15:00',
    Salida: '18:25:00',
    Cantidad_Ingreso: 1
  },
  RowDataPacket {
    Nombre_Usuario: 'Travis',
    Ultima_fecha_Ingreso: 2009-01-12T00:00:00.000Z,
    Entrada: '10:02:00',
    Salida: '12:00:00',
    Cantidad_Ingreso: 1
  },
  RowDataPacket {
    Nombre_Usuario: 'Rebecca',
    Ultima_fecha_Ingreso: 2014-03-21T00:00:00.000Z,
    Entrada: '10:00:00',
    Salida: '12:00:00',
    Cantidad_Ingreso: 2
  },
  RowDataPacket {
    Nombre_Usuario: 'Abbot',
    Ultima_fecha_Ingreso: 2019-03-18T00:00:00.000Z,
    Entrada: '10:00:00',
    Salida: '14:00:00',
    Cantidad_Ingreso: 2
  },
  RowDataPacket {
    Nombre_Usuario: 'Alexander',
    Ultima_fecha_Ingreso: 2020-04-25T00:00:00.000Z,
    Entrada: '09:00:00',
    Salida: '10:00:00',
    Cantidad_Ingreso: 1
  },
  RowDataPacket {
    Nombre_Usuario: 'Joseph',
    Ultima_fecha_Ingreso: 2017-03-17T00:00:00.000Z,
    Entrada: '03:00:00',
    Salida: '04:00:00',
    Cantidad_Ingreso: 1
  },
  RowDataPacket {
    Nombre_Usuario: 'Kirsten',
    Ultima_fecha_Ingreso: 2020-05-14T00:00:00.000Z,
    Entrada: '01:00:00',
    Salida: '02:00:00',
    Cantidad_Ingreso: 3
  },
  RowDataPacket {
    Nombre_Usuario: 'Giacomo',
    Ultima_fecha_Ingreso: 2020-04-18T00:00:00.000Z,
    Entrada: '06:00:00',
    Salida: '07:00:00',
    Cantidad_Ingreso: 1
  },
  RowDataPacket {
    Nombre_Usuario: 'Zelenia',
    Ultima_fecha_Ingreso: 2020-05-30T00:00:00.000Z,
    Entrada: '08:00:00',
    Salida: '09:00:00',
    Cantidad_Ingreso: 1
  },
  RowDataPacket {
    Nombre_Usuario: 'Kendall',
    Ultima_fecha_Ingreso: 2020-03-23T00:00:00.000Z,
    Entrada: '10:00:00',
    Salida: '11:00:00',
    Cantidad_Ingreso: 1
  },
  RowDataPacket {
    Nombre_Usuario: 'Octavius',
    Ultima_fecha_Ingreso: 2020-03-31T00:00:00.000Z,
    Entrada: '11:00:00',
    Salida: '12:00:00',
    Cantidad_Ingreso: 1
  }
]
server on port 80
[
  RowDataPacket {
    Nombre_Usuario: 'Brayan',
    Ultima_fecha_Ingreso: 2006-05-06T00:00:00.000Z,
    Entrada: '04:30:00',
    Salida: '06:30:00',
    Cantidad_Ingreso: 2
  },
  RowDataPacket {
    Nombre_Usuario: 'Antonio',
    Ultima_fecha_Ingreso: 2016-03-21T00:00:00.000Z,
    Entrada: '02:15:00',
    Salida: '02:50:00',
    Cantidad_Ingreso: 5
  },
  RowDataPacket {
    Nombre_Usuario: 'Migel',
    Ultima_fecha_Ingreso: 2005-11-10T00:00:00.000Z,
    Entrada: '02:25:00',
    Salida: '06:25:00',
    Cantidad_Ingreso: 1
  },
  RowDataPacket {
    Nombre_Usuario: 'Marco',
    Ultima_fecha_Ingreso: 2007-07-12T00:00:00.000Z,
    Entrada: '02:10:00',
    Salida: '04:05:00',
    Cantidad_Ingreso: 1
  },
  RowDataPacket {
    Nombre_Usuario: 'Deborah',
    Ultima_fecha_Ingreso: 2008-07-14T00:00:00.000Z,
    Entrada: '16:15:00',
    Salida: '18:25:00',
    Cantidad_Ingreso: 1
  },
  RowDataPacket {
    Nombre_Usuario: 'Travis',
    Ultima_fecha_Ingreso: 2009-01-12T00:00:00.000Z,
    Entrada: '10:02:00',
    Salida: '12:00:00',
    Cantidad_Ingreso: 1
  },
  RowDataPacket {
    Nombre_Usuario: 'Rebecca',
    Ultima_fecha_Ingreso: 2014-03-21T00:00:00.000Z,
    Entrada: '10:00:00',
    Salida: '12:00:00',
    Cantidad_Ingreso: 2
  },
  RowDataPacket {
    Nombre_Usuario: 'Abbot',
    Ultima_fecha_Ingreso: 2019-03-18T00:00:00.000Z,
    Entrada: '10:00:00',
    Salida: '14:00:00',
    Cantidad_Ingreso: 2
  },
  RowDataPacket {
    Nombre_Usuario: 'Alexander',
    Ultima_fecha_Ingreso: 2020-04-25T00:00:00.000Z,
    Entrada: '09:00:00',
    Salida: '10:00:00',
    Cantidad_Ingreso: 1
  },
  RowDataPacket {
    Nombre_Usuario: 'Joseph',
    Ultima_fecha_Ingreso: 2017-03-17T00:00:00.000Z,
    Entrada: '03:00:00',
    Salida: '04:00:00',
    Cantidad_Ingreso: 1
  },
  RowDataPacket {
    Nombre_Usuario: 'Kirsten',
    Ultima_fecha_Ingreso: 2020-05-14T00:00:00.000Z,
    Entrada: '01:00:00',
    Salida: '02:00:00',
    Cantidad_Ingreso: 3
  },
  RowDataPacket {
    Nombre_Usuario: 'Giacomo',
    Ultima_fecha_Ingreso: 2020-04-18T00:00:00.000Z,
    Entrada: '06:00:00',
    Salida: '07:00:00',
    Cantidad_Ingreso: 1
  },
  RowDataPacket {
    Nombre_Usuario: 'Zelenia',
    Ultima_fecha_Ingreso: 2020-05-30T00:00:00.000Z,
    Entrada: '08:00:00',
    Salida: '09:00:00',
    Cantidad_Ingreso: 1
  },
  RowDataPacket {
    Nombre_Usuario: 'Kendall',
    Ultima_fecha_Ingreso: 2020-03-23T00:00:00.000Z,
    Entrada: '10:00:00',
    Salida: '11:00:00',
    Cantidad_Ingreso: 1
  },
  RowDataPacket {
    Nombre_Usuario: 'Octavius',
    Ultima_fecha_Ingreso: 2020-03-31T00:00:00.000Z,
    Entrada: '11:00:00',
    Salida: '12:00:00',
    Cantidad_Ingreso: 1
  }
]
server on port 80
[
  RowDataPacket {
    Nombre_Usuario: 'Brayan',
    Ultima_fecha_Ingreso: 2006-05-06T00:00:00.000Z,
    Entrada: '04:30:00',
    Salida: '06:30:00',
    Cantidad_Ingreso: 2
  },
  RowDataPacket {
    Nombre_Usuario: 'Antonio',
    Ultima_fecha_Ingreso: 2016-03-21T00:00:00.000Z,
    Entrada: '02:15:00',
    Salida: '02:50:00',
    Cantidad_Ingreso: 5
  },
  RowDataPacket {
    Nombre_Usuario: 'Migel',
    Ultima_fecha_Ingreso: 2005-11-10T00:00:00.000Z,
    Entrada: '02:25:00',
    Salida: '06:25:00',
    Cantidad_Ingreso: 1
  },
  RowDataPacket {
    Nombre_Usuario: 'Marco',
    Ultima_fecha_Ingreso: 2007-07-12T00:00:00.000Z,
    Entrada: '02:10:00',
    Salida: '04:05:00',
    Cantidad_Ingreso: 1
  },
  RowDataPacket {
    Nombre_Usuario: 'Deborah',
    Ultima_fecha_Ingreso: 2008-07-14T00:00:00.000Z,
    Entrada: '16:15:00',
    Salida: '18:25:00',
    Cantidad_Ingreso: 1
  },
  RowDataPacket {
    Nombre_Usuario: 'Travis',
    Ultima_fecha_Ingreso: 2009-01-12T00:00:00.000Z,
    Entrada: '10:02:00',
    Salida: '12:00:00',
    Cantidad_Ingreso: 1
  },
  RowDataPacket {
    Nombre_Usuario: 'Rebecca',
    Ultima_fecha_Ingreso: 2014-03-21T00:00:00.000Z,
    Entrada: '10:00:00',
    Salida: '12:00:00',
    Cantidad_Ingreso: 2
  },
  RowDataPacket {
    Nombre_Usuario: 'Abbot',
    Ultima_fecha_Ingreso: 2019-03-18T00:00:00.000Z,
    Entrada: '10:00:00',
    Salida: '14:00:00',
    Cantidad_Ingreso: 2
  },
  RowDataPacket {
    Nombre_Usuario: 'Alexander',
    Ultima_fecha_Ingreso: 2020-04-25T00:00:00.000Z,
    Entrada: '09:00:00',
    Salida: '10:00:00',
    Cantidad_Ingreso: 1
  },
  RowDataPacket {
    Nombre_Usuario: 'Joseph',
    Ultima_fecha_Ingreso: 2017-03-17T00:00:00.000Z,
    Entrada: '03:00:00',
    Salida: '04:00:00',
    Cantidad_Ingreso: 1
  },
  RowDataPacket {
    Nombre_Usuario: 'Kirsten',
    Ultima_fecha_Ingreso: 2020-05-14T00:00:00.000Z,
    Entrada: '01:00:00',
    Salida: '02:00:00',
    Cantidad_Ingreso: 3
  },
  RowDataPacket {
    Nombre_Usuario: 'Giacomo',
    Ultima_fecha_Ingreso: 2020-04-18T00:00:00.000Z,
    Entrada: '06:00:00',
    Salida: '07:00:00',
    Cantidad_Ingreso: 1
  },
  RowDataPacket {
    Nombre_Usuario: 'Zelenia',
    Ultima_fecha_Ingreso: 2020-05-30T00:00:00.000Z,
    Entrada: '08:00:00',
    Salida: '09:00:00',
    Cantidad_Ingreso: 1
  },
  RowDataPacket {
    Nombre_Usuario: 'Kendall',
    Ultima_fecha_Ingreso: 2020-03-23T00:00:00.000Z,
    Entrada: '10:00:00',
    Salida: '11:00:00',
    Cantidad_Ingreso: 1
  },
  RowDataPacket {
    Nombre_Usuario: 'Octavius',
    Ultima_fecha_Ingreso: 2020-03-31T00:00:00.000Z,
    Entrada: '11:00:00',
    Salida: '12:00:00',
    Cantidad_Ingreso: 1
  }
]
server on port 80
[
  RowDataPacket {
    Nombre_Usuario: 'Brayan',
    Ultima_fecha_Ingreso: 2006-05-06T00:00:00.000Z,
    Entrada: '04:30:00',
    Salida: '06:30:00',
    Cantidad_Ingreso: 2
  },
  RowDataPacket {
    Nombre_Usuario: 'Antonio',
    Ultima_fecha_Ingreso: 2016-03-21T00:00:00.000Z,
    Entrada: '02:15:00',
    Salida: '02:50:00',
    Cantidad_Ingreso: 5
  },
  RowDataPacket {
    Nombre_Usuario: 'Migel',
    Ultima_fecha_Ingreso: 2005-11-10T00:00:00.000Z,
    Entrada: '02:25:00',
    Salida: '06:25:00',
    Cantidad_Ingreso: 1
  },
  RowDataPacket {
    Nombre_Usuario: 'Marco',
    Ultima_fecha_Ingreso: 2007-07-12T00:00:00.000Z,
    Entrada: '02:10:00',
    Salida: '04:05:00',
    Cantidad_Ingreso: 1
  },
  RowDataPacket {
    Nombre_Usuario: 'Deborah',
    Ultima_fecha_Ingreso: 2008-07-14T00:00:00.000Z,
    Entrada: '16:15:00',
    Salida: '18:25:00',
    Cantidad_Ingreso: 1
  },
  RowDataPacket {
    Nombre_Usuario: 'Travis',
    Ultima_fecha_Ingreso: 2009-01-12T00:00:00.000Z,
    Entrada: '10:02:00',
    Salida: '12:00:00',
    Cantidad_Ingreso: 1
  },
  RowDataPacket {
    Nombre_Usuario: 'Rebecca',
    Ultima_fecha_Ingreso: 2014-03-21T00:00:00.000Z,
    Entrada: '10:00:00',
    Salida: '12:00:00',
    Cantidad_Ingreso: 2
  },
  RowDataPacket {
    Nombre_Usuario: 'Abbot',
    Ultima_fecha_Ingreso: 2019-03-18T00:00:00.000Z,
    Entrada: '10:00:00',
    Salida: '14:00:00',
    Cantidad_Ingreso: 2
  },
  RowDataPacket {
    Nombre_Usuario: 'Alexander',
    Ultima_fecha_Ingreso: 2020-04-25T00:00:00.000Z,
    Entrada: '09:00:00',
    Salida: '10:00:00',
    Cantidad_Ingreso: 1
  },
  RowDataPacket {
    Nombre_Usuario: 'Joseph',
    Ultima_fecha_Ingreso: 2017-03-17T00:00:00.000Z,
    Entrada: '03:00:00',
    Salida: '04:00:00',
    Cantidad_Ingreso: 1
  },
  RowDataPacket {
    Nombre_Usuario: 'Kirsten',
    Ultima_fecha_Ingreso: 2020-05-14T00:00:00.000Z,
    Entrada: '01:00:00',
    Salida: '02:00:00',
    Cantidad_Ingreso: 3
  },
  RowDataPacket {
    Nombre_Usuario: 'Giacomo',
    Ultima_fecha_Ingreso: 2020-04-18T00:00:00.000Z,
    Entrada: '06:00:00',
    Salida: '07:00:00',
    Cantidad_Ingreso: 1
  },
  RowDataPacket {
    Nombre_Usuario: 'Zelenia',
    Ultima_fecha_Ingreso: 2020-05-30T00:00:00.000Z,
    Entrada: '08:00:00',
    Salida: '09:00:00',
    Cantidad_Ingreso: 1
  },
  RowDataPacket {
    Nombre_Usuario: 'Kendall',
    Ultima_fecha_Ingreso: 2020-03-23T00:00:00.000Z,
    Entrada: '10:00:00',
    Salida: '11:00:00',
    Cantidad_Ingreso: 1
  },
  RowDataPacket {
    Nombre_Usuario: 'Octavius',
    Ultima_fecha_Ingreso: 2020-03-31T00:00:00.000Z,
    Entrada: '11:00:00',
    Salida: '12:00:00',
    Cantidad_Ingreso: 1
  }
]
[
  RowDataPacket {
    Nombre_Usuario: 'Brayan',
    Ultima_fecha_Ingreso: 2006-05-06T00:00:00.000Z,
    Entrada: '04:30:00',
    Salida: '06:30:00',
    Cantidad_Ingreso: 2
  },
  RowDataPacket {
    Nombre_Usuario: 'Antonio',
    Ultima_fecha_Ingreso: 2016-03-21T00:00:00.000Z,
    Entrada: '02:15:00',
    Salida: '02:50:00',
    Cantidad_Ingreso: 5
  },
  RowDataPacket {
    Nombre_Usuario: 'Migel',
    Ultima_fecha_Ingreso: 2005-11-10T00:00:00.000Z,
    Entrada: '02:25:00',
    Salida: '06:25:00',
    Cantidad_Ingreso: 1
  },
  RowDataPacket {
    Nombre_Usuario: 'Marco',
    Ultima_fecha_Ingreso: 2007-07-12T00:00:00.000Z,
    Entrada: '02:10:00',
    Salida: '04:05:00',
    Cantidad_Ingreso: 1
  },
  RowDataPacket {
    Nombre_Usuario: 'Deborah',
    Ultima_fecha_Ingreso: 2008-07-14T00:00:00.000Z,
    Entrada: '16:15:00',
    Salida: '18:25:00',
    Cantidad_Ingreso: 1
  },
  RowDataPacket {
    Nombre_Usuario: 'Travis',
    Ultima_fecha_Ingreso: 2009-01-12T00:00:00.000Z,
    Entrada: '10:02:00',
    Salida: '12:00:00',
    Cantidad_Ingreso: 1
  },
  RowDataPacket {
    Nombre_Usuario: 'Rebecca',
    Ultima_fecha_Ingreso: 2014-03-21T00:00:00.000Z,
    Entrada: '10:00:00',
    Salida: '12:00:00',
    Cantidad_Ingreso: 2
  },
  RowDataPacket {
    Nombre_Usuario: 'Abbot',
    Ultima_fecha_Ingreso: 2019-03-18T00:00:00.000Z,
    Entrada: '10:00:00',
    Salida: '14:00:00',
    Cantidad_Ingreso: 2
  },
  RowDataPacket {
    Nombre_Usuario: 'Alexander',
    Ultima_fecha_Ingreso: 2020-04-25T00:00:00.000Z,
    Entrada: '09:00:00',
    Salida: '10:00:00',
    Cantidad_Ingreso: 1
  },
  RowDataPacket {
    Nombre_Usuario: 'Joseph',
    Ultima_fecha_Ingreso: 2017-03-17T00:00:00.000Z,
    Entrada: '03:00:00',
    Salida: '04:00:00',
    Cantidad_Ingreso: 1
  },
  RowDataPacket {
    Nombre_Usuario: 'Kirsten',
    Ultima_fecha_Ingreso: 2020-05-14T00:00:00.000Z,
    Entrada: '01:00:00',
    Salida: '02:00:00',
    Cantidad_Ingreso: 3
  },
  RowDataPacket {
    Nombre_Usuario: 'Giacomo',
    Ultima_fecha_Ingreso: 2020-04-18T00:00:00.000Z,
    Entrada: '06:00:00',
    Salida: '07:00:00',
    Cantidad_Ingreso: 1
  },
  RowDataPacket {
    Nombre_Usuario: 'Zelenia',
    Ultima_fecha_Ingreso: 2020-05-30T00:00:00.000Z,
    Entrada: '08:00:00',
    Salida: '09:00:00',
    Cantidad_Ingreso: 1
  },
  RowDataPacket {
    Nombre_Usuario: 'Kendall',
    Ultima_fecha_Ingreso: 2020-03-23T00:00:00.000Z,
    Entrada: '10:00:00',
    Salida: '11:00:00',
    Cantidad_Ingreso: 1
  },
  RowDataPacket {
    Nombre_Usuario: 'Octavius',
    Ultima_fecha_Ingreso: 2020-03-31T00:00:00.000Z,
    Entrada: '11:00:00',
    Salida: '12:00:00',
    Cantidad_Ingreso: 1
  }
]
server on port 80
[
  RowDataPacket {
    Nombre_Usuario: 'Brayan',
    Ultima_fecha_Ingreso: 2006-05-06T00:00:00.000Z,
    Entrada: '04:30:00',
    Salida: '06:30:00',
    Cantidad_Ingreso: 2
  },
  RowDataPacket {
    Nombre_Usuario: 'Antonio',
    Ultima_fecha_Ingreso: 2016-03-21T00:00:00.000Z,
    Entrada: '02:15:00',
    Salida: '02:50:00',
    Cantidad_Ingreso: 5
  },
  RowDataPacket {
    Nombre_Usuario: 'Migel',
    Ultima_fecha_Ingreso: 2005-11-10T00:00:00.000Z,
    Entrada: '02:25:00',
    Salida: '06:25:00',
    Cantidad_Ingreso: 1
  },
  RowDataPacket {
    Nombre_Usuario: 'Marco',
    Ultima_fecha_Ingreso: 2007-07-12T00:00:00.000Z,
    Entrada: '02:10:00',
    Salida: '04:05:00',
    Cantidad_Ingreso: 1
  },
  RowDataPacket {
    Nombre_Usuario: 'Deborah',
    Ultima_fecha_Ingreso: 2008-07-14T00:00:00.000Z,
    Entrada: '16:15:00',
    Salida: '18:25:00',
    Cantidad_Ingreso: 1
  },
  RowDataPacket {
    Nombre_Usuario: 'Travis',
    Ultima_fecha_Ingreso: 2009-01-12T00:00:00.000Z,
    Entrada: '10:02:00',
    Salida: '12:00:00',
    Cantidad_Ingreso: 1
  },
  RowDataPacket {
    Nombre_Usuario: 'Rebecca',
    Ultima_fecha_Ingreso: 2014-03-21T00:00:00.000Z,
    Entrada: '10:00:00',
    Salida: '12:00:00',
    Cantidad_Ingreso: 2
  },
  RowDataPacket {
    Nombre_Usuario: 'Abbot',
    Ultima_fecha_Ingreso: 2019-03-18T00:00:00.000Z,
    Entrada: '10:00:00',
    Salida: '14:00:00',
    Cantidad_Ingreso: 2
  },
  RowDataPacket {
    Nombre_Usuario: 'Alexander',
    Ultima_fecha_Ingreso: 2020-04-25T00:00:00.000Z,
    Entrada: '09:00:00',
    Salida: '10:00:00',
    Cantidad_Ingreso: 1
  },
  RowDataPacket {
    Nombre_Usuario: 'Joseph',
    Ultima_fecha_Ingreso: 2017-03-17T00:00:00.000Z,
    Entrada: '03:00:00',
    Salida: '04:00:00',
    Cantidad_Ingreso: 1
  },
  RowDataPacket {
    Nombre_Usuario: 'Kirsten',
    Ultima_fecha_Ingreso: 2020-05-14T00:00:00.000Z,
    Entrada: '01:00:00',
    Salida: '02:00:00',
    Cantidad_Ingreso: 3
  },
  RowDataPacket {
    Nombre_Usuario: 'Giacomo',
    Ultima_fecha_Ingreso: 2020-04-18T00:00:00.000Z,
    Entrada: '06:00:00',
    Salida: '07:00:00',
    Cantidad_Ingreso: 1
  },
  RowDataPacket {
    Nombre_Usuario: 'Zelenia',
    Ultima_fecha_Ingreso: 2020-05-30T00:00:00.000Z,
    Entrada: '08:00:00',
    Salida: '09:00:00',
    Cantidad_Ingreso: 1
  },
  RowDataPacket {
    Nombre_Usuario: 'Kendall',
    Ultima_fecha_Ingreso: 2020-03-23T00:00:00.000Z,
    Entrada: '10:00:00',
    Salida: '11:00:00',
    Cantidad_Ingreso: 1
  },
  RowDataPacket {
    Nombre_Usuario: 'Octavius',
    Ultima_fecha_Ingreso: 2020-03-31T00:00:00.000Z,
    Entrada: '11:00:00',
    Salida: '12:00:00',
    Cantidad_Ingreso: 1
  }
]
[
  RowDataPacket {
    Nombre_Usuario: 'Brayan',
    Ultima_fecha_Ingreso: 2006-05-06T00:00:00.000Z,
    Entrada: '04:30:00',
    Salida: '06:30:00',
    Cantidad_Ingreso: 2
  },
  RowDataPacket {
    Nombre_Usuario: 'Antonio',
    Ultima_fecha_Ingreso: 2016-03-21T00:00:00.000Z,
    Entrada: '02:15:00',
    Salida: '02:50:00',
    Cantidad_Ingreso: 5
  },
  RowDataPacket {
    Nombre_Usuario: 'Migel',
    Ultima_fecha_Ingreso: 2005-11-10T00:00:00.000Z,
    Entrada: '02:25:00',
    Salida: '06:25:00',
    Cantidad_Ingreso: 1
  },
  RowDataPacket {
    Nombre_Usuario: 'Marco',
    Ultima_fecha_Ingreso: 2007-07-12T00:00:00.000Z,
    Entrada: '02:10:00',
    Salida: '04:05:00',
    Cantidad_Ingreso: 1
  },
  RowDataPacket {
    Nombre_Usuario: 'Deborah',
    Ultima_fecha_Ingreso: 2008-07-14T00:00:00.000Z,
    Entrada: '16:15:00',
    Salida: '18:25:00',
    Cantidad_Ingreso: 1
  },
  RowDataPacket {
    Nombre_Usuario: 'Travis',
    Ultima_fecha_Ingreso: 2009-01-12T00:00:00.000Z,
    Entrada: '10:02:00',
    Salida: '12:00:00',
    Cantidad_Ingreso: 1
  },
  RowDataPacket {
    Nombre_Usuario: 'Rebecca',
    Ultima_fecha_Ingreso: 2014-03-21T00:00:00.000Z,
    Entrada: '10:00:00',
    Salida: '12:00:00',
    Cantidad_Ingreso: 2
  },
  RowDataPacket {
    Nombre_Usuario: 'Abbot',
    Ultima_fecha_Ingreso: 2019-03-18T00:00:00.000Z,
    Entrada: '10:00:00',
    Salida: '14:00:00',
    Cantidad_Ingreso: 2
  },
  RowDataPacket {
    Nombre_Usuario: 'Alexander',
    Ultima_fecha_Ingreso: 2020-04-25T00:00:00.000Z,
    Entrada: '09:00:00',
    Salida: '10:00:00',
    Cantidad_Ingreso: 1
  },
  RowDataPacket {
    Nombre_Usuario: 'Joseph',
    Ultima_fecha_Ingreso: 2017-03-17T00:00:00.000Z,
    Entrada: '03:00:00',
    Salida: '04:00:00',
    Cantidad_Ingreso: 1
  },
  RowDataPacket {
    Nombre_Usuario: 'Kirsten',
    Ultima_fecha_Ingreso: 2020-05-14T00:00:00.000Z,
    Entrada: '01:00:00',
    Salida: '02:00:00',
    Cantidad_Ingreso: 3
  },
  RowDataPacket {
    Nombre_Usuario: 'Giacomo',
    Ultima_fecha_Ingreso: 2020-04-18T00:00:00.000Z,
    Entrada: '06:00:00',
    Salida: '07:00:00',
    Cantidad_Ingreso: 1
  },
  RowDataPacket {
    Nombre_Usuario: 'Zelenia',
    Ultima_fecha_Ingreso: 2020-05-30T00:00:00.000Z,
    Entrada: '08:00:00',
    Salida: '09:00:00',
    Cantidad_Ingreso: 1
  },
  RowDataPacket {
    Nombre_Usuario: 'Kendall',
    Ultima_fecha_Ingreso: 2020-03-23T00:00:00.000Z,
    Entrada: '10:00:00',
    Salida: '11:00:00',
    Cantidad_Ingreso: 1
  },
  RowDataPacket {
    Nombre_Usuario: 'Octavius',
    Ultima_fecha_Ingreso: 2020-03-31T00:00:00.000Z,
    Entrada: '11:00:00',
    Salida: '12:00:00',
    Cantidad_Ingreso: 1
  }
]
server on port 80
